{"C:\\Users\\Deadshot3067\\Desktop\\test\\test-technique-front-js\\src\\components\\Layout.tsx": {"path":"C:\\Users\\Deadshot3067\\Desktop\\test\\test-technique-front-js\\src\\components\\Layout.tsx","statementMap":{"0":{"start":{"line":4,"column":32},"end":{"line":8,"column":1}},"1":{"start":{"line":5,"column":2},"end":{"line":7,"column":8}}},"fnMap":{"0":{"name":"(anonymous_0)","decl":{"start":{"line":4,"column":32},"end":{"line":4,"column":33}},"loc":{"start":{"line":5,"column":2},"end":{"line":7,"column":8}},"line":5}},"branchMap":{},"s":{"0":1,"1":0},"f":{"0":0},"b":{},"_coverageSchema":"1a1c01bbd47fc00a2c39e90264f33305004495a9","hash":"f2ff896a4d471ef5ff474b566bc1554aa35eb7dd"}
,"C:\\Users\\Deadshot3067\\Desktop\\test\\test-technique-front-js\\src\\components\\Todo.tsx": {"path":"C:\\Users\\Deadshot3067\\Desktop\\test\\test-technique-front-js\\src\\components\\Todo.tsx","statementMap":{"0":{"start":{"line":18,"column":59},"end":{"line":70,"column":1}},"1":{"start":{"line":24,"column":32},"end":{"line":24,"column":45}},"2":{"start":{"line":26,"column":2},"end":{"line":69,"column":4}},"3":{"start":{"line":53,"column":14},"end":{"line":53,"column":53}},"4":{"start":{"line":61,"column":14},"end":{"line":61,"column":46}}},"fnMap":{"0":{"name":"(anonymous_0)","decl":{"start":{"line":18,"column":59},"end":{"line":18,"column":60}},"loc":{"start":{"line":23,"column":6},"end":{"line":70,"column":1}},"line":23},"1":{"name":"(anonymous_1)","decl":{"start":{"line":52,"column":21},"end":{"line":52,"column":22}},"loc":{"start":{"line":52,"column":27},"end":{"line":54,"column":13}},"line":52},"2":{"name":"(anonymous_2)","decl":{"start":{"line":60,"column":21},"end":{"line":60,"column":22}},"loc":{"start":{"line":60,"column":27},"end":{"line":62,"column":13}},"line":60}},"branchMap":{},"s":{"0":1,"1":0,"2":0,"3":0,"4":0},"f":{"0":0,"1":0,"2":0},"b":{},"_coverageSchema":"1a1c01bbd47fc00a2c39e90264f33305004495a9","hash":"66f5b566851a59a031d1bce693f694f400d0a669"}
,"C:\\Users\\Deadshot3067\\Desktop\\test\\test-technique-front-js\\src\\components\\index.ts": {"path":"C:\\Users\\Deadshot3067\\Desktop\\test\\test-technique-front-js\\src\\components\\index.ts","statementMap":{},"fnMap":{},"branchMap":{},"s":{},"f":{},"b":{},"_coverageSchema":"1a1c01bbd47fc00a2c39e90264f33305004495a9","hash":"88a4b99efad86b5df69164955b129c19250cbde1"}
,"C:\\Users\\Deadshot3067\\Desktop\\test\\test-technique-front-js\\src\\pages\\TodoListPage.tsx": {"path":"C:\\Users\\Deadshot3067\\Desktop\\test\\test-technique-front-js\\src\\pages\\TodoListPage.tsx","statementMap":{"0":{"start":{"line":9,"column":38},"end":{"line":105,"column":1}},"1":{"start":{"line":10,"column":14},"end":{"line":10,"column":27}},"2":{"start":{"line":11,"column":32},"end":{"line":11,"column":45}},"3":{"start":{"line":12,"column":44},"end":{"line":14,"column":3}},"4":{"start":{"line":13,"column":26},"end":{"line":13,"column":43}},"5":{"start":{"line":20,"column":15},"end":{"line":20,"column":61}},"6":{"start":{"line":20,"column":38},"end":{"line":20,"column":60}},"7":{"start":{"line":22,"column":18},"end":{"line":22,"column":67}},"8":{"start":{"line":22,"column":41},"end":{"line":22,"column":66}},"9":{"start":{"line":27,"column":2},"end":{"line":31,"column":34}},"10":{"start":{"line":28,"column":4},"end":{"line":30,"column":5}},"11":{"start":{"line":29,"column":6},"end":{"line":29,"column":37}},"12":{"start":{"line":33,"column":2},"end":{"line":104,"column":4}},"13":{"start":{"line":58,"column":16},"end":{"line":63,"column":18}},"14":{"start":{"line":75,"column":25},"end":{"line":75,"column":55}},"15":{"start":{"line":90,"column":16},"end":{"line":95,"column":18}}},"fnMap":{"0":{"name":"(anonymous_0)","decl":{"start":{"line":9,"column":38},"end":{"line":9,"column":39}},"loc":{"start":{"line":9,"column":44},"end":{"line":105,"column":1}},"line":9},"1":{"name":"(anonymous_1)","decl":{"start":{"line":13,"column":4},"end":{"line":13,"column":5}},"loc":{"start":{"line":13,"column":26},"end":{"line":13,"column":43}},"line":13},"2":{"name":"(anonymous_2)","decl":{"start":{"line":20,"column":28},"end":{"line":20,"column":29}},"loc":{"start":{"line":20,"column":38},"end":{"line":20,"column":60}},"line":20},"3":{"name":"(anonymous_3)","decl":{"start":{"line":22,"column":31},"end":{"line":22,"column":32}},"loc":{"start":{"line":22,"column":41},"end":{"line":22,"column":66}},"line":22},"4":{"name":"(anonymous_4)","decl":{"start":{"line":27,"column":12},"end":{"line":27,"column":13}},"loc":{"start":{"line":27,"column":18},"end":{"line":31,"column":3}},"line":27},"5":{"name":"(anonymous_5)","decl":{"start":{"line":57,"column":23},"end":{"line":57,"column":24}},"loc":{"start":{"line":58,"column":16},"end":{"line":63,"column":18}},"line":58},"6":{"name":"(anonymous_6)","decl":{"start":{"line":75,"column":19},"end":{"line":75,"column":20}},"loc":{"start":{"line":75,"column":25},"end":{"line":75,"column":55}},"line":75},"7":{"name":"(anonymous_7)","decl":{"start":{"line":89,"column":26},"end":{"line":89,"column":27}},"loc":{"start":{"line":90,"column":16},"end":{"line":95,"column":18}},"line":90}},"branchMap":{"0":{"loc":{"start":{"line":28,"column":4},"end":{"line":30,"column":5}},"type":"if","locations":[{"start":{"line":28,"column":4},"end":{"line":30,"column":5}},{"start":{},"end":{}}],"line":28},"1":{"loc":{"start":{"line":28,"column":8},"end":{"line":28,"column":42}},"type":"binary-expr","locations":[{"start":{"line":28,"column":8},"end":{"line":28,"column":16}},{"start":{"line":28,"column":20},"end":{"line":28,"column":27}},{"start":{"line":28,"column":31},"end":{"line":28,"column":42}}],"line":28},"2":{"loc":{"start":{"line":48,"column":9},"end":{"line":69,"column":9}},"type":"cond-expr","locations":[{"start":{"line":49,"column":10},"end":{"line":49,"column":30}},{"start":{"line":51,"column":10},"end":{"line":68,"column":16}}],"line":48},"3":{"loc":{"start":{"line":56,"column":13},"end":{"line":67,"column":13}},"type":"cond-expr","locations":[{"start":{"line":57,"column":14},"end":{"line":64,"column":16}},{"start":{"line":66,"column":14},"end":{"line":66,"column":65}}],"line":56},"4":{"loc":{"start":{"line":56,"column":13},"end":{"line":56,"column":38}},"type":"binary-expr","locations":[{"start":{"line":56,"column":13},"end":{"line":56,"column":28}},{"start":{"line":56,"column":32},"end":{"line":56,"column":38}}],"line":56},"5":{"loc":{"start":{"line":80,"column":9},"end":{"line":101,"column":9}},"type":"cond-expr","locations":[{"start":{"line":81,"column":10},"end":{"line":81,"column":30}},{"start":{"line":83,"column":10},"end":{"line":100,"column":16}}],"line":80},"6":{"loc":{"start":{"line":88,"column":13},"end":{"line":99,"column":13}},"type":"cond-expr","locations":[{"start":{"line":89,"column":14},"end":{"line":96,"column":16}},{"start":{"line":98,"column":14},"end":{"line":98,"column":65}}],"line":88},"7":{"loc":{"start":{"line":88,"column":13},"end":{"line":88,"column":41}},"type":"binary-expr","locations":[{"start":{"line":88,"column":13},"end":{"line":88,"column":31}},{"start":{"line":88,"column":35},"end":{"line":88,"column":41}}],"line":88}},"s":{"0":1,"1":3,"2":0,"3":0,"4":0,"5":0,"6":0,"7":0,"8":0,"9":0,"10":0,"11":0,"12":0,"13":0,"14":0,"15":0},"f":{"0":3,"1":0,"2":0,"3":0,"4":0,"5":0,"6":0,"7":0},"b":{"0":[0,0],"1":[0,0,0],"2":[0,0],"3":[0,0],"4":[0,0],"5":[0,0],"6":[0,0],"7":[0,0]},"_coverageSchema":"1a1c01bbd47fc00a2c39e90264f33305004495a9","hash":"a96f33410d60f34551bd65b89c2d08ade000ae7c"}
,"C:\\Users\\Deadshot3067\\Desktop\\test\\test-technique-front-js\\src\\store\\reducers\\deleteTodo.ts": {"path":"C:\\Users\\Deadshot3067\\Desktop\\test\\test-technique-front-js\\src\\store\\reducers\\deleteTodo.ts","statementMap":{"0":{"start":{"line":12,"column":38},"end":{"line":15,"column":1}},"1":{"start":{"line":17,"column":24},"end":{"line":33,"column":2}},"2":{"start":{"line":22,"column":6},"end":{"line":22,"column":23}},"3":{"start":{"line":23,"column":6},"end":{"line":23,"column":27}},"4":{"start":{"line":26,"column":6},"end":{"line":26,"column":28}},"5":{"start":{"line":29,"column":6},"end":{"line":29,"column":28}},"6":{"start":{"line":30,"column":6},"end":{"line":30,"column":28}},"7":{"start":{"line":36,"column":2},"end":{"line":36,"column":25}},"8":{"start":{"line":38,"column":33},"end":{"line":47,"column":1}},"9":{"start":{"line":38,"column":53},"end":{"line":47,"column":1}},"10":{"start":{"line":39,"column":2},"end":{"line":39,"column":36}},"11":{"start":{"line":40,"column":2},"end":{"line":46,"column":3}},"12":{"start":{"line":41,"column":4},"end":{"line":41,"column":50}},"13":{"start":{"line":42,"column":4},"end":{"line":42,"column":34}},"14":{"start":{"line":43,"column":4},"end":{"line":43,"column":35}},"15":{"start":{"line":45,"column":4},"end":{"line":45,"column":56}},"16":{"start":{"line":49,"column":46},"end":{"line":49,"column":61}}},"fnMap":{"0":{"name":"(anonymous_0)","decl":{"start":{"line":21,"column":4},"end":{"line":21,"column":5}},"loc":{"start":{"line":21,"column":33},"end":{"line":24,"column":5}},"line":21},"1":{"name":"(anonymous_1)","decl":{"start":{"line":25,"column":4},"end":{"line":25,"column":5}},"loc":{"start":{"line":25,"column":29},"end":{"line":27,"column":5}},"line":25},"2":{"name":"(anonymous_2)","decl":{"start":{"line":28,"column":4},"end":{"line":28,"column":5}},"loc":{"start":{"line":28,"column":42},"end":{"line":31,"column":5}},"line":28},"3":{"name":"(anonymous_3)","decl":{"start":{"line":38,"column":33},"end":{"line":38,"column":34}},"loc":{"start":{"line":38,"column":53},"end":{"line":47,"column":1}},"line":38},"4":{"name":"(anonymous_4)","decl":{"start":{"line":38,"column":53},"end":{"line":38,"column":54}},"loc":{"start":{"line":38,"column":86},"end":{"line":47,"column":1}},"line":38}},"branchMap":{},"s":{"0":1,"1":1,"2":0,"3":0,"4":0,"5":0,"6":0,"7":1,"8":1,"9":0,"10":0,"11":0,"12":0,"13":0,"14":0,"15":0,"16":1},"f":{"0":0,"1":0,"2":0,"3":0,"4":0},"b":{},"_coverageSchema":"1a1c01bbd47fc00a2c39e90264f33305004495a9","hash":"22bc0574bc1333dffa46cc14c912cf182bdbc931"}
,"C:\\Users\\Deadshot3067\\Desktop\\test\\test-technique-front-js\\src\\store\\reducers\\getTodoList.ts": {"path":"C:\\Users\\Deadshot3067\\Desktop\\test\\test-technique-front-js\\src\\store\\reducers\\getTodoList.ts","statementMap":{"0":{"start":{"line":13,"column":39},"end":{"line":18,"column":1}},"1":{"start":{"line":20,"column":25},"end":{"line":40,"column":2}},"2":{"start":{"line":25,"column":6},"end":{"line":25,"column":23}},"3":{"start":{"line":26,"column":6},"end":{"line":26,"column":27}},"4":{"start":{"line":27,"column":6},"end":{"line":27,"column":27}},"5":{"start":{"line":30,"column":6},"end":{"line":30,"column":34}},"6":{"start":{"line":31,"column":6},"end":{"line":31,"column":26}},"7":{"start":{"line":32,"column":6},"end":{"line":32,"column":28}},"8":{"start":{"line":35,"column":6},"end":{"line":35,"column":34}},"9":{"start":{"line":36,"column":6},"end":{"line":36,"column":27}},"10":{"start":{"line":37,"column":6},"end":{"line":37,"column":28}},"11":{"start":{"line":43,"column":2},"end":{"line":43,"column":26}},"12":{"start":{"line":45,"column":34},"end":{"line":53,"column":1}},"13":{"start":{"line":45,"column":40},"end":{"line":53,"column":1}},"14":{"start":{"line":46,"column":2},"end":{"line":46,"column":37}},"15":{"start":{"line":47,"column":2},"end":{"line":52,"column":3}},"16":{"start":{"line":48,"column":21},"end":{"line":48,"column":50}},"17":{"start":{"line":49,"column":4},"end":{"line":49,"column":39}},"18":{"start":{"line":51,"column":4},"end":{"line":51,"column":57}},"19":{"start":{"line":55,"column":47},"end":{"line":55,"column":63}}},"fnMap":{"0":{"name":"(anonymous_0)","decl":{"start":{"line":24,"column":4},"end":{"line":24,"column":5}},"loc":{"start":{"line":24,"column":34},"end":{"line":28,"column":5}},"line":24},"1":{"name":"(anonymous_1)","decl":{"start":{"line":29,"column":4},"end":{"line":29,"column":5}},"loc":{"start":{"line":29,"column":43},"end":{"line":33,"column":5}},"line":29},"2":{"name":"(anonymous_2)","decl":{"start":{"line":34,"column":4},"end":{"line":34,"column":5}},"loc":{"start":{"line":34,"column":43},"end":{"line":38,"column":5}},"line":34},"3":{"name":"(anonymous_3)","decl":{"start":{"line":45,"column":34},"end":{"line":45,"column":35}},"loc":{"start":{"line":45,"column":40},"end":{"line":53,"column":1}},"line":45},"4":{"name":"(anonymous_4)","decl":{"start":{"line":45,"column":40},"end":{"line":45,"column":41}},"loc":{"start":{"line":45,"column":73},"end":{"line":53,"column":1}},"line":45}},"branchMap":{},"s":{"0":1,"1":1,"2":0,"3":0,"4":0,"5":0,"6":0,"7":0,"8":0,"9":0,"10":0,"11":1,"12":1,"13":0,"14":0,"15":0,"16":0,"17":0,"18":0,"19":1},"f":{"0":0,"1":0,"2":0,"3":0,"4":0},"b":{},"_coverageSchema":"1a1c01bbd47fc00a2c39e90264f33305004495a9","hash":"0b177b3cfbc5251a19fa0dd3c059d759f275589f"}
,"C:\\Users\\Deadshot3067\\Desktop\\test\\test-technique-front-js\\src\\store\\reducers\\singleTodo.ts": {"path":"C:\\Users\\Deadshot3067\\Desktop\\test\\test-technique-front-js\\src\\store\\reducers\\singleTodo.ts","statementMap":{"0":{"start":{"line":13,"column":45},"end":{"line":18,"column":1}},"1":{"start":{"line":20,"column":31},"end":{"line":38,"column":2}},"2":{"start":{"line":25,"column":6},"end":{"line":25,"column":23}},"3":{"start":{"line":26,"column":6},"end":{"line":26,"column":27}},"4":{"start":{"line":27,"column":6},"end":{"line":27,"column":27}},"5":{"start":{"line":30,"column":6},"end":{"line":30,"column":33}},"6":{"start":{"line":31,"column":6},"end":{"line":31,"column":27}},"7":{"start":{"line":32,"column":6},"end":{"line":32,"column":28}},"8":{"start":{"line":35,"column":6},"end":{"line":35,"column":34}},"9":{"start":{"line":44,"column":4},"end":{"line":44,"column":34}},"10":{"start":{"line":48,"column":2},"end":{"line":56,"column":3}},"11":{"start":{"line":48,"column":22},"end":{"line":56,"column":3}},"12":{"start":{"line":49,"column":4},"end":{"line":49,"column":45}},"13":{"start":{"line":50,"column":4},"end":{"line":55,"column":5}},"14":{"start":{"line":51,"column":23},"end":{"line":51,"column":63}},"15":{"start":{"line":52,"column":6},"end":{"line":52,"column":47}},"16":{"start":{"line":54,"column":6},"end":{"line":54,"column":65}},"17":{"start":{"line":58,"column":53},"end":{"line":58,"column":75}}},"fnMap":{"0":{"name":"(anonymous_0)","decl":{"start":{"line":24,"column":4},"end":{"line":24,"column":5}},"loc":{"start":{"line":24,"column":40},"end":{"line":28,"column":5}},"line":24},"1":{"name":"(anonymous_1)","decl":{"start":{"line":29,"column":4},"end":{"line":29,"column":5}},"loc":{"start":{"line":29,"column":49},"end":{"line":33,"column":5}},"line":29},"2":{"name":"(anonymous_2)","decl":{"start":{"line":34,"column":4},"end":{"line":34,"column":5}},"loc":{"start":{"line":34,"column":49},"end":{"line":36,"column":5}},"line":34},"3":{"name":"(anonymous_3)","decl":{"start":{"line":48,"column":2},"end":{"line":48,"column":3}},"loc":{"start":{"line":48,"column":22},"end":{"line":56,"column":3}},"line":48},"4":{"name":"(anonymous_4)","decl":{"start":{"line":48,"column":22},"end":{"line":48,"column":23}},"loc":{"start":{"line":48,"column":55},"end":{"line":56,"column":3}},"line":48}},"branchMap":{},"s":{"0":1,"1":1,"2":0,"3":0,"4":0,"5":0,"6":0,"7":0,"8":0,"9":1,"10":1,"11":0,"12":0,"13":0,"14":0,"15":0,"16":0,"17":1},"f":{"0":0,"1":0,"2":0,"3":0,"4":0},"b":{},"_coverageSchema":"1a1c01bbd47fc00a2c39e90264f33305004495a9","hash":"bc440b2d015a2521cd061d6cccc6d04611890033"}
}
